[35m[Appium][39m Welcome to Appium v1.22.3
[35m[Appium][39m Non-default server args:
[35m[Appium][39m   port: 62861
[35m[Appium][39m   loglevel: info
[35m[Appium][39m   tmpDir: C:\Users\Tomi\AppData\Local\Temp\\Katalon\Appium\Temp1690822724396
[35m[Appium][39m   chromedriverPort: 62862
[35m[Appium][39m Deprecated server args:
[35m[Appium][39m   [31m--chromedriver-port[39m => --default-capabilities
[35m[Appium][39m Default capabilities, which will be added to each request unless overridden by desired capabilities:
[35m[Appium][39m   chromedriverPort: 62862
[35m[Appium][39m Appium REST http interface listener started on 0.0.0.0:62861
[35m[HTTP][39m [37m-->[39m [37mGET[39m [37m/wd/hub/status[39m
[35m[HTTP][39m [90m{}[39m
[35m[HTTP][39m [37m<-- GET /wd/hub/status [39m[32m200[39m [90m8 ms - 68[39m
[35m[HTTP][39m [90m[39m
[35m[HTTP][39m [37m-->[39m [37mGET[39m [37m/wd/hub/status[39m
[35m[HTTP][39m [90m{}[39m
[35m[HTTP][39m [37m<-- GET /wd/hub/status [39m[32m200[39m [90m1 ms - 68[39m
[35m[HTTP][39m [90m[39m
[35m[HTTP][39m [37m-->[39m [37mPOST[39m [37m/wd/hub/session[39m
[35m[HTTP][39m [90m{"desiredCapabilities":{"app":"C:\\Users\\Tomi\\IntelliJIDEAProjects\\MyApplication\\output\\WordPress – Website Builder_22.7_Apkpure.apk","noReset":true,"deviceId":"emulator-5554","deviceName":"emulator-5554 (Android SDK built for x86 - Android 8.1.0)","fullReset":false,"platform":"ANDROID","newCommandTimeout":1800,"platformVersion":"8.1.0","automationName":"uiautomator2","autoGrantPermissions":true,"appium:appActivity":"org.wordpress.android.ui.WPLaunchActivity","platformName":"Android","udid":"emulator-5554","appium:appPackage":"org.wordpress.android","systemPort":62871},"capabilities":{"firstMatch":[{"appium:app":"C:\\Users\\Tomi\\IntelliJIDEAProjects\\MyApplication\\output\\WordPress – Website Builder_22.7_Apkpure.apk","appium:appActivity":"org.wordpress.android.ui.WPLaunchActivity","appium:appPackage":"org.wordpress.android","appium:autoGrantPermissions":true,"appium:automationName":"uiautomator2","deviceId":"emulator-5554","appium:deviceName":"emulator-5554 (Android SDK built for x86 - Android 8.1.0...[39m
[35m[BaseDriver][39m The following capabilities are not standard capabilities and should have an extension prefix:
[35m[BaseDriver][39m   deviceId
[35m[BaseDriver][39m   platform
[35m[BaseDriver][39m   chromedriverPort
[35m[Appium][39m Appium v1.22.3 creating new AndroidUiautomator2Driver (v1.70.1) session
[35m[BaseDriver][39m The following capabilities were provided, but are not recognized by Appium:
[35m[BaseDriver][39m   deviceId
[35m[BaseDriver][39m   platform
[35m[BaseDriver][39m Session created with session id: cf0e6027-25b2-4bfd-b087-8ae06b0e9c57
[35m[BaseDriver][39m Using local app 'C:\Users\Tomi\IntelliJIDEAProjects\MyApplication\output\WordPress – Website Builder_22.7_Apkpure.apk'
[35m[ADB][39m Found 1 'build-tools' folders under 'C:\Users\Tomi\.katalon\tools\android_sdk' (newest first):
[35m[ADB][39m     C:/Users/Tomi/.katalon/tools/android_sdk/build-tools/29.0.3
[35m[ADB][39m Using 'adb.exe' from 'C:\Users\Tomi\.katalon\tools\android_sdk\platform-tools\adb.exe'
[35m[AndroidDriver][39m Retrieving device list
[35m[AndroidDriver][39m Using device: emulator-5554
[35m[ADB][39m Using 'adb.exe' from 'C:\Users\Tomi\.katalon\tools\android_sdk\platform-tools\adb.exe'
[35m[ADB][39m Using 'apksigner.jar' from 'C:\Users\Tomi\.katalon\tools\android_sdk\build-tools\29.0.3\lib\apksigner.jar'
[35m[ADB][39m 'C:\Users\Tomi\AppData\Roaming\npm\node_modules\appium\node_modules\appium-uiautomator2-server\apks\appium-uiautomator2-server-v4.27.0.apk' is signed with the default certificate
[35m[ADB][39m 'C:\Users\Tomi\AppData\Roaming\npm\node_modules\appium\node_modules\appium-uiautomator2-server\apks\appium-uiautomator2-server-debug-androidTest.apk' is signed with the default certificate
[35m[UiAutomator2][39m Server packages are not going to be (re)installed
[35m[ADB][39m Adding packages ["io.appium.settings","io.appium.uiautomator2.server","io.appium.uiautomator2.server.test"] to Doze whitelist
[35m[ADB][39m 'C:\Users\Tomi\IntelliJIDEAProjects\MyApplication\output\WordPress – Website Builder_22.7_Apkpure.apk' is signed with a non-default certificate
[35m[ADB][39m The application at 'C:\Users\Tomi\IntelliJIDEAProjects\MyApplication\output\WordPress – Website Builder_22.7_Apkpure.apk' will not be cached, because the device under test has confirmed the support of streamed installs
[35m[ADB][39m The installation of 'WordPress – Website Builder_22.7_Apkpure.apk' took 20630ms
[35m[UiAutomator2][39m Starting UIAutomator2 server 4.27.0
[35m[UiAutomator2][39m Using UIAutomator2 server from 'C:\Users\Tomi\AppData\Roaming\npm\node_modules\appium\node_modules\appium-uiautomator2-server\apks\appium-uiautomator2-server-v4.27.0.apk' and test from 'C:\Users\Tomi\AppData\Roaming\npm\node_modules\appium\node_modules\appium-uiautomator2-server\apks\appium-uiautomator2-server-debug-androidTest.apk'
[35m[UiAutomator2][39m Waiting up to 30000ms for UiAutomator2 to be online...
[35m[WD Proxy][39m socket hang up
[35m[WD Proxy][39m socket hang up
[35m[WD Proxy][39m socket hang up
[35m[WD Proxy][39m Determined the downstream protocol as 'W3C'
[35m[AndroidDriver][39m Screen already unlocked, doing nothing
[35m[UiAutomator2][39m Starting 'org.wordpress.android/org.wordpress.android.ui.WPLaunchActivity and waiting for 'org.wordpress.android/org.wordpress.android.ui.WPLaunchActivity'
[35m[Appium][39m New AndroidUiautomator2Driver session created successfully, session cf0e6027-25b2-4bfd-b087-8ae06b0e9c57 added to master session list
[35m[HTTP][39m [37m<-- POST /wd/hub/session [39m[32m200[39m [90m33481 ms - 1637[39m
[35m[HTTP][39m [90m[39m
[35m[HTTP][39m [37m-->[39m [37mGET[39m [37m/wd/hub/session/cf0e6027-25b2-4bfd-b087-8ae06b0e9c57[39m
[35m[HTTP][39m [90m{}[39m
[35m[HTTP][39m [37m<-- GET /wd/hub/session/cf0e6027-25b2-4bfd-b087-8ae06b0e9c57 [39m[32m200[39m [90m63 ms - 1591[39m
[35m[HTTP][39m [90m[39m
[35m[HTTP][39m [37m-->[39m [37mGET[39m [37m/wd/hub/session/cf0e6027-25b2-4bfd-b087-8ae06b0e9c57[39m
[35m[HTTP][39m [90m{}[39m
[35m[HTTP][39m [37m<-- GET /wd/hub/session/cf0e6027-25b2-4bfd-b087-8ae06b0e9c57 [39m[32m200[39m [90m16 ms - 1591[39m
[35m[HTTP][39m [90m[39m
[35m[HTTP][39m [37m-->[39m [37mGET[39m [37m/wd/hub/status[39m
[35m[HTTP][39m [90m{}[39m
[35m[HTTP][39m [37m<-- GET /wd/hub/status [39m[32m200[39m [90m2 ms - 68[39m
[35m[HTTP][39m [90m[39m
[35m[HTTP][39m [37m-->[39m [37mPOST[39m [37m/wd/hub/session/cf0e6027-25b2-4bfd-b087-8ae06b0e9c57/timeouts[39m
[35m[HTTP][39m [90m{"implicit":60000}[39m
[35m[HTTP][39m [37m<-- POST /wd/hub/session/cf0e6027-25b2-4bfd-b087-8ae06b0e9c57/timeouts [39m[32m200[39m [90m3 ms - 14[39m
[35m[HTTP][39m [90m[39m
[35m[HTTP][39m [37m-->[39m [37mGET[39m [37m/wd/hub/session/cf0e6027-25b2-4bfd-b087-8ae06b0e9c57/source[39m
[35m[HTTP][39m [90m{}[39m
[35m[W3C (cf0e6027)][39m Driver proxy active, passing request on via HTTP proxy
[35m[WD Proxy][39m Replacing sessionId 9e59ff78-9810-4ea8-806c-04fcd2f39038 with cf0e6027-25b2-4bfd-b087-8ae06b0e9c57
[35m[HTTP][39m [37m<-- GET /wd/hub/session/cf0e6027-25b2-4bfd-b087-8ae06b0e9c57/source [39m[32m200[39m [90m237 ms - 7988[39m
[35m[HTTP][39m [90m[39m
[35m[HTTP][39m [37m-->[39m [37mGET[39m [37m/wd/hub/session/cf0e6027-25b2-4bfd-b087-8ae06b0e9c57/screenshot[39m
[35m[HTTP][39m [90m{}[39m
[35m[HTTP][39m [37m<-- GET /wd/hub/session/cf0e6027-25b2-4bfd-b087-8ae06b0e9c57/screenshot [39m[32m200[39m [90m434 ms - 337260[39m
[35m[HTTP][39m [90m[39m
[35m[HTTP][39m [37m-->[39m [37mPOST[39m [37m/wd/hub/session/cf0e6027-25b2-4bfd-b087-8ae06b0e9c57/elements[39m
[35m[HTTP][39m [90m{"using":"xpath","value":"//*[@class = 'android.widget.TextView' and (@text = 'Log in or sign up with WordPress.com' or . = 'Log in or sign up with WordPress.com')]"}[39m
[35m[HTTP][39m [37m<-- POST /wd/hub/session/cf0e6027-25b2-4bfd-b087-8ae06b0e9c57/elements [39m[32m200[39m [90m601 ms - 139[39m
[35m[HTTP][39m [90m[39m
[35m[HTTP][39m [37m-->[39m [37mGET[39m [37m/wd/hub/session/cf0e6027-25b2-4bfd-b087-8ae06b0e9c57/window/rect[39m
[35m[HTTP][39m [90m{}[39m
[35m[HTTP][39m [37m<-- GET /wd/hub/session/cf0e6027-25b2-4bfd-b087-8ae06b0e9c57/window/rect [39m[32m200[39m [90m20 ms - 50[39m
[35m[HTTP][39m [90m[39m
[35m[HTTP][39m [37m-->[39m [37mPOST[39m [37m/wd/hub/session/cf0e6027-25b2-4bfd-b087-8ae06b0e9c57/elements[39m
[35m[HTTP][39m [90m{"using":"xpath","value":"//*[@class = 'android.widget.TextView' and (@text = 'Log in or sign up with WordPress.com' or . = 'Log in or sign up with WordPress.com')]"}[39m
[35m[HTTP][39m [37m<-- POST /wd/hub/session/cf0e6027-25b2-4bfd-b087-8ae06b0e9c57/elements [39m[32m200[39m [90m88 ms - 139[39m
[35m[HTTP][39m [90m[39m
[35m[HTTP][39m [37m-->[39m [37mGET[39m [37m/wd/hub/session/cf0e6027-25b2-4bfd-b087-8ae06b0e9c57/element/00000000-0000-02de-0000-000a00000000/location[39m
[35m[HTTP][39m [90m{}[39m
[35m[W3C (cf0e6027)][39m Driver proxy active, passing request on via HTTP proxy
[35m[WD Proxy][39m Replacing sessionId 9e59ff78-9810-4ea8-806c-04fcd2f39038 with cf0e6027-25b2-4bfd-b087-8ae06b0e9c57
[35m[HTTP][39m [37m<-- GET /wd/hub/session/cf0e6027-25b2-4bfd-b087-8ae06b0e9c57/element/00000000-0000-02de-0000-000a00000000/location [39m[32m200[39m [90m35 ms - 79[39m
[35m[HTTP][39m [90m[39m
[35m[HTTP][39m [37m-->[39m [37mPOST[39m [37m/wd/hub/session/cf0e6027-25b2-4bfd-b087-8ae06b0e9c57/touch/perform[39m
[35m[HTTP][39m [90m{"actions":[{"action":"tap","options":{"x":1,"y":1,"element":"00000000-0000-02de-0000-000a00000000"}}]}[39m
[35m[UiAutomator2][39m calling get location: 00000000-0000-02de-0000-000a00000000
[35m[HTTP][39m [37m<-- POST /wd/hub/session/cf0e6027-25b2-4bfd-b087-8ae06b0e9c57/touch/perform [39m[32m200[39m [90m1144 ms - 14[39m
[35m[HTTP][39m [90m[39m
[35m[HTTP][39m [37m-->[39m [37mGET[39m [37m/wd/hub/session/cf0e6027-25b2-4bfd-b087-8ae06b0e9c57/source[39m
[35m[HTTP][39m [90m{}[39m
[35m[W3C (cf0e6027)][39m Driver proxy active, passing request on via HTTP proxy
[35m[WD Proxy][39m Replacing sessionId 9e59ff78-9810-4ea8-806c-04fcd2f39038 with cf0e6027-25b2-4bfd-b087-8ae06b0e9c57
[35m[HTTP][39m [37m<-- GET /wd/hub/session/cf0e6027-25b2-4bfd-b087-8ae06b0e9c57/source [39m[32m200[39m [90m141 ms - 14148[39m
[35m[HTTP][39m [90m[39m
[35m[HTTP][39m [37m-->[39m [37mGET[39m [37m/wd/hub/session/cf0e6027-25b2-4bfd-b087-8ae06b0e9c57/screenshot[39m
[35m[HTTP][39m [90m{}[39m
[35m[HTTP][39m [37m<-- GET /wd/hub/session/cf0e6027-25b2-4bfd-b087-8ae06b0e9c57/screenshot [39m[32m200[39m [90m435 ms - 148764[39m
[35m[HTTP][39m [90m[39m
[35m[HTTP][39m [37m-->[39m [37mPOST[39m [37m/wd/hub/session/cf0e6027-25b2-4bfd-b087-8ae06b0e9c57/elements[39m
[35m[HTTP][39m [90m{"using":"xpath","value":"//*[@class = 'android.widget.EditText' and (@text = 'Email address' or . = 'Email address') and @resource-id = 'org.wordpress.android:id/input']"}[39m
[35m[HTTP][39m [37m<-- POST /wd/hub/session/cf0e6027-25b2-4bfd-b087-8ae06b0e9c57/elements [39m[32m200[39m [90m133 ms - 139[39m
[35m[HTTP][39m [90m[39m
[35m[HTTP][39m [37m-->[39m [37mGET[39m [37m/wd/hub/session/cf0e6027-25b2-4bfd-b087-8ae06b0e9c57/window/rect[39m
[35m[HTTP][39m [90m{}[39m
[35m[HTTP][39m [37m<-- GET /wd/hub/session/cf0e6027-25b2-4bfd-b087-8ae06b0e9c57/window/rect [39m[32m200[39m [90m21 ms - 50[39m
[35m[HTTP][39m [90m[39m
[35m[HTTP][39m [37m-->[39m [37mPOST[39m [37m/wd/hub/session/cf0e6027-25b2-4bfd-b087-8ae06b0e9c57/elements[39m
[35m[HTTP][39m [90m{"using":"xpath","value":"//*[@class = 'android.widget.EditText' and (@text = 'Email address' or . = 'Email address') and @resource-id = 'org.wordpress.android:id/input']"}[39m
[35m[HTTP][39m [37m<-- POST /wd/hub/session/cf0e6027-25b2-4bfd-b087-8ae06b0e9c57/elements [39m[32m200[39m [90m119 ms - 139[39m
[35m[HTTP][39m [90m[39m
[35m[HTTP][39m [37m-->[39m [37mGET[39m [37m/wd/hub/session/cf0e6027-25b2-4bfd-b087-8ae06b0e9c57/element/00000000-0000-02de-ffff-ffff0000001e/location[39m
[35m[HTTP][39m [90m{}[39m
[35m[W3C (cf0e6027)][39m Driver proxy active, passing request on via HTTP proxy
[35m[WD Proxy][39m Replacing sessionId 9e59ff78-9810-4ea8-806c-04fcd2f39038 with cf0e6027-25b2-4bfd-b087-8ae06b0e9c57
[35m[HTTP][39m [37m<-- GET /wd/hub/session/cf0e6027-25b2-4bfd-b087-8ae06b0e9c57/element/00000000-0000-02de-ffff-ffff0000001e/location [39m[32m200[39m [90m20 ms - 77[39m
[35m[HTTP][39m [90m[39m
[35m[HTTP][39m [37m-->[39m [37mPOST[39m [37m/wd/hub/session/cf0e6027-25b2-4bfd-b087-8ae06b0e9c57/element/00000000-0000-02de-ffff-ffff0000001e/clear[39m
[35m[HTTP][39m [90m{"id":"00000000-0000-02de-ffff-ffff0000001e"}[39m
[35m[HTTP][39m [37m<-- POST /wd/hub/session/cf0e6027-25b2-4bfd-b087-8ae06b0e9c57/element/00000000-0000-02de-ffff-ffff0000001e/clear [39m[32m200[39m [90m18 ms - 14[39m
[35m[HTTP][39m [90m[39m
[35m[HTTP][39m [37m-->[39m [37mPOST[39m [37m/wd/hub/session/cf0e6027-25b2-4bfd-b087-8ae06b0e9c57/element/00000000-0000-02de-ffff-ffff0000001e/value[39m
[35m[HTTP][39m [90m{"id":"00000000-0000-02de-ffff-ffff0000001e","text":"abustomi1507@gmail.com","value":["a","b","u","s","t","o","m","i","1","5","0","7","@","g","m","a","i","l",".","c","o","m"]}[39m
[35m[HTTP][39m [37m<-- POST /wd/hub/session/cf0e6027-25b2-4bfd-b087-8ae06b0e9c57/element/00000000-0000-02de-ffff-ffff0000001e/value [39m[32m200[39m [90m1016 ms - 14[39m
[35m[HTTP][39m [90m[39m
[35m[HTTP][39m [37m-->[39m [37mGET[39m [37m/wd/hub/session/cf0e6027-25b2-4bfd-b087-8ae06b0e9c57/source[39m
[35m[HTTP][39m [90m{}[39m
[35m[W3C (cf0e6027)][39m Driver proxy active, passing request on via HTTP proxy
[35m[WD Proxy][39m Replacing sessionId 9e59ff78-9810-4ea8-806c-04fcd2f39038 with cf0e6027-25b2-4bfd-b087-8ae06b0e9c57
[35m[HTTP][39m [37m<-- GET /wd/hub/session/cf0e6027-25b2-4bfd-b087-8ae06b0e9c57/source [39m[32m200[39m [90m138 ms - 14156[39m
[35m[HTTP][39m [90m[39m
[35m[HTTP][39m [37m-->[39m [37mGET[39m [37m/wd/hub/session/cf0e6027-25b2-4bfd-b087-8ae06b0e9c57/screenshot[39m
[35m[HTTP][39m [90m{}[39m
[35m[HTTP][39m [37m<-- GET /wd/hub/session/cf0e6027-25b2-4bfd-b087-8ae06b0e9c57/screenshot [39m[32m200[39m [90m333 ms - 162560[39m
[35m[HTTP][39m [90m[39m
[35m[HTTP][39m [37m-->[39m [37mPOST[39m [37m/wd/hub/session/cf0e6027-25b2-4bfd-b087-8ae06b0e9c57/elements[39m
[35m[HTTP][39m [90m{"using":"xpath","value":"//*[@class = 'android.widget.Button' and (@text = 'Continue' or . = 'Continue') and @resource-id = 'org.wordpress.android:id/login_continue_button']"}[39m
[35m[HTTP][39m [37m<-- POST /wd/hub/session/cf0e6027-25b2-4bfd-b087-8ae06b0e9c57/elements [39m[32m200[39m [90m122 ms - 139[39m
[35m[HTTP][39m [90m[39m
[35m[HTTP][39m [37m-->[39m [37mGET[39m [37m/wd/hub/session/cf0e6027-25b2-4bfd-b087-8ae06b0e9c57/window/rect[39m
[35m[HTTP][39m [90m{}[39m
[35m[HTTP][39m [37m<-- GET /wd/hub/session/cf0e6027-25b2-4bfd-b087-8ae06b0e9c57/window/rect [39m[32m200[39m [90m18 ms - 50[39m
[35m[HTTP][39m [90m[39m
[35m[HTTP][39m [37m-->[39m [37mPOST[39m [37m/wd/hub/session/cf0e6027-25b2-4bfd-b087-8ae06b0e9c57/elements[39m
[35m[HTTP][39m [90m{"using":"xpath","value":"//*[@class = 'android.widget.Button' and (@text = 'Continue' or . = 'Continue') and @resource-id = 'org.wordpress.android:id/login_continue_button']"}[39m
[35m[HTTP][39m [37m<-- POST /wd/hub/session/cf0e6027-25b2-4bfd-b087-8ae06b0e9c57/elements [39m[32m200[39m [90m136 ms - 139[39m
[35m[HTTP][39m [90m[39m
[35m[HTTP][39m [37m-->[39m [37mGET[39m [37m/wd/hub/session/cf0e6027-25b2-4bfd-b087-8ae06b0e9c57/element/00000000-0000-02de-ffff-ffff00000016/location[39m
[35m[HTTP][39m [90m{}[39m
[35m[W3C (cf0e6027)][39m Driver proxy active, passing request on via HTTP proxy
[35m[WD Proxy][39m Replacing sessionId 9e59ff78-9810-4ea8-806c-04fcd2f39038 with cf0e6027-25b2-4bfd-b087-8ae06b0e9c57
[35m[HTTP][39m [37m<-- GET /wd/hub/session/cf0e6027-25b2-4bfd-b087-8ae06b0e9c57/element/00000000-0000-02de-ffff-ffff00000016/location [39m[32m200[39m [90m27 ms - 77[39m
[35m[HTTP][39m [90m[39m
[35m[HTTP][39m [37m-->[39m [37mPOST[39m [37m/wd/hub/session/cf0e6027-25b2-4bfd-b087-8ae06b0e9c57/touch/perform[39m
[35m[HTTP][39m [90m{"actions":[{"action":"tap","options":{"x":1,"y":1,"element":"00000000-0000-02de-ffff-ffff00000016"}}]}[39m
[35m[UiAutomator2][39m calling get location: 00000000-0000-02de-ffff-ffff00000016
[35m[HTTP][39m [37m<-- POST /wd/hub/session/cf0e6027-25b2-4bfd-b087-8ae06b0e9c57/touch/perform [39m[32m200[39m [90m156 ms - 14[39m
[35m[HTTP][39m [90m[39m
[35m[HTTP][39m [37m-->[39m [37mGET[39m [37m/wd/hub/session/cf0e6027-25b2-4bfd-b087-8ae06b0e9c57/source[39m
[35m[HTTP][39m [90m{}[39m
[35m[W3C (cf0e6027)][39m Driver proxy active, passing request on via HTTP proxy
[35m[WD Proxy][39m Replacing sessionId 9e59ff78-9810-4ea8-806c-04fcd2f39038 with cf0e6027-25b2-4bfd-b087-8ae06b0e9c57
[35m[HTTP][39m [37m<-- GET /wd/hub/session/cf0e6027-25b2-4bfd-b087-8ae06b0e9c57/source [39m[32m200[39m [90m1462 ms - 15528[39m
[35m[HTTP][39m [90m[39m
[35m[HTTP][39m [37m-->[39m [37mGET[39m [37m/wd/hub/session/cf0e6027-25b2-4bfd-b087-8ae06b0e9c57/screenshot[39m
[35m[HTTP][39m [90m{}[39m
[35m[HTTP][39m [37m<-- GET /wd/hub/session/cf0e6027-25b2-4bfd-b087-8ae06b0e9c57/screenshot [39m[32m200[39m [90m373 ms - 167306[39m
[35m[HTTP][39m [90m[39m
[35m[HTTP][39m [37m-->[39m [37mPOST[39m [37m/wd/hub/session/cf0e6027-25b2-4bfd-b087-8ae06b0e9c57/elements[39m
[35m[HTTP][39m [90m{"using":"xpath","value":"//*[@class = 'android.widget.EditText' and (@text = 'Password' or . = 'Password') and @resource-id = 'org.wordpress.android:id/input']"}[39m
[35m[HTTP][39m [37m<-- POST /wd/hub/session/cf0e6027-25b2-4bfd-b087-8ae06b0e9c57/elements [39m[32m200[39m [90m94 ms - 139[39m
[35m[HTTP][39m [90m[39m
[35m[HTTP][39m [37m-->[39m [37mGET[39m [37m/wd/hub/session/cf0e6027-25b2-4bfd-b087-8ae06b0e9c57/window/rect[39m
[35m[HTTP][39m [90m{}[39m
[35m[HTTP][39m [37m<-- GET /wd/hub/session/cf0e6027-25b2-4bfd-b087-8ae06b0e9c57/window/rect [39m[32m200[39m [90m10 ms - 50[39m
[35m[HTTP][39m [90m[39m
[35m[HTTP][39m [37m-->[39m [37mPOST[39m [37m/wd/hub/session/cf0e6027-25b2-4bfd-b087-8ae06b0e9c57/elements[39m
[35m[HTTP][39m [90m{"using":"xpath","value":"//*[@class = 'android.widget.EditText' and (@text = 'Password' or . = 'Password') and @resource-id = 'org.wordpress.android:id/input']"}[39m
[35m[HTTP][39m [37m<-- POST /wd/hub/session/cf0e6027-25b2-4bfd-b087-8ae06b0e9c57/elements [39m[32m200[39m [90m99 ms - 139[39m
[35m[HTTP][39m [90m[39m
[35m[HTTP][39m [37m-->[39m [37mGET[39m [37m/wd/hub/session/cf0e6027-25b2-4bfd-b087-8ae06b0e9c57/element/00000000-0000-02de-ffff-ffff0000002d/location[39m
[35m[HTTP][39m [90m{}[39m
[35m[W3C (cf0e6027)][39m Driver proxy active, passing request on via HTTP proxy
[35m[WD Proxy][39m Replacing sessionId 9e59ff78-9810-4ea8-806c-04fcd2f39038 with cf0e6027-25b2-4bfd-b087-8ae06b0e9c57
[35m[HTTP][39m [37m<-- GET /wd/hub/session/cf0e6027-25b2-4bfd-b087-8ae06b0e9c57/element/00000000-0000-02de-ffff-ffff0000002d/location [39m[32m200[39m [90m22 ms - 77[39m
[35m[HTTP][39m [90m[39m
[35m[HTTP][39m [37m-->[39m [37mPOST[39m [37m/wd/hub/session/cf0e6027-25b2-4bfd-b087-8ae06b0e9c57/element/00000000-0000-02de-ffff-ffff0000002d/clear[39m
[35m[HTTP][39m [90m{"id":"00000000-0000-02de-ffff-ffff0000002d"}[39m
[35m[HTTP][39m [37m<-- POST /wd/hub/session/cf0e6027-25b2-4bfd-b087-8ae06b0e9c57/element/00000000-0000-02de-ffff-ffff0000002d/clear [39m[32m200[39m [90m25 ms - 14[39m
[35m[HTTP][39m [90m[39m
[35m[HTTP][39m [37m-->[39m [37mPOST[39m [37m/wd/hub/session/cf0e6027-25b2-4bfd-b087-8ae06b0e9c57/element/00000000-0000-02de-ffff-ffff0000002d/value[39m
[35m[HTTP][39m [90m{"id":"00000000-0000-02de-ffff-ffff0000002d","text":"Tu4nt0m1","value":["T","u","4","n","t","0","m","1"]}[39m
[35m[HTTP][39m [37m<-- POST /wd/hub/session/cf0e6027-25b2-4bfd-b087-8ae06b0e9c57/element/00000000-0000-02de-ffff-ffff0000002d/value [39m[32m200[39m [90m545 ms - 14[39m
[35m[HTTP][39m [90m[39m
[35m[HTTP][39m [37m-->[39m [37mGET[39m [37m/wd/hub/session/cf0e6027-25b2-4bfd-b087-8ae06b0e9c57/source[39m
[35m[HTTP][39m [90m{}[39m
[35m[W3C (cf0e6027)][39m Driver proxy active, passing request on via HTTP proxy
[35m[WD Proxy][39m Replacing sessionId 9e59ff78-9810-4ea8-806c-04fcd2f39038 with cf0e6027-25b2-4bfd-b087-8ae06b0e9c57
[35m[HTTP][39m [37m<-- GET /wd/hub/session/cf0e6027-25b2-4bfd-b087-8ae06b0e9c57/source [39m[32m200[39m [90m70 ms - 15527[39m
[35m[HTTP][39m [90m[39m
[35m[HTTP][39m [37m-->[39m [37mGET[39m [37m/wd/hub/session/cf0e6027-25b2-4bfd-b087-8ae06b0e9c57/screenshot[39m
[35m[HTTP][39m [90m{}[39m
[35m[HTTP][39m [37m<-- GET /wd/hub/session/cf0e6027-25b2-4bfd-b087-8ae06b0e9c57/screenshot [39m[32m200[39m [90m357 ms - 168362[39m
[35m[HTTP][39m [90m[39m
[35m[HTTP][39m [37m-->[39m [37mPOST[39m [37m/wd/hub/session/cf0e6027-25b2-4bfd-b087-8ae06b0e9c57/elements[39m
[35m[HTTP][39m [90m{"using":"xpath","value":"//*[@class = 'android.widget.Button' and (@text = 'Continue' or . = 'Continue') and @resource-id = 'org.wordpress.android:id/bottom_button']"}[39m
[35m[HTTP][39m [37m<-- POST /wd/hub/session/cf0e6027-25b2-4bfd-b087-8ae06b0e9c57/elements [39m[32m200[39m [90m80 ms - 139[39m
[35m[HTTP][39m [90m[39m
[35m[HTTP][39m [37m-->[39m [37mGET[39m [37m/wd/hub/session/cf0e6027-25b2-4bfd-b087-8ae06b0e9c57/window/rect[39m
[35m[HTTP][39m [90m{}[39m
[35m[HTTP][39m [37m<-- GET /wd/hub/session/cf0e6027-25b2-4bfd-b087-8ae06b0e9c57/window/rect [39m[32m200[39m [90m9 ms - 50[39m
[35m[HTTP][39m [90m[39m
[35m[HTTP][39m [37m-->[39m [37mPOST[39m [37m/wd/hub/session/cf0e6027-25b2-4bfd-b087-8ae06b0e9c57/elements[39m
[35m[HTTP][39m [90m{"using":"xpath","value":"//*[@class = 'android.widget.Button' and (@text = 'Continue' or . = 'Continue') and @resource-id = 'org.wordpress.android:id/bottom_button']"}[39m
[35m[HTTP][39m [37m<-- POST /wd/hub/session/cf0e6027-25b2-4bfd-b087-8ae06b0e9c57/elements [39m[32m200[39m [90m66 ms - 139[39m
[35m[HTTP][39m [90m[39m
[35m[HTTP][39m [37m-->[39m [37mGET[39m [37m/wd/hub/session/cf0e6027-25b2-4bfd-b087-8ae06b0e9c57/element/00000000-0000-02de-ffff-ffff00000035/location[39m
[35m[HTTP][39m [90m{}[39m
[35m[W3C (cf0e6027)][39m Driver proxy active, passing request on via HTTP proxy
[35m[WD Proxy][39m Replacing sessionId 9e59ff78-9810-4ea8-806c-04fcd2f39038 with cf0e6027-25b2-4bfd-b087-8ae06b0e9c57
[35m[HTTP][39m [37m<-- GET /wd/hub/session/cf0e6027-25b2-4bfd-b087-8ae06b0e9c57/element/00000000-0000-02de-ffff-ffff00000035/location [39m[32m200[39m [90m19 ms - 78[39m
[35m[HTTP][39m [90m[39m
[35m[HTTP][39m [37m-->[39m [37mPOST[39m [37m/wd/hub/session/cf0e6027-25b2-4bfd-b087-8ae06b0e9c57/touch/perform[39m
[35m[HTTP][39m [90m{"actions":[{"action":"tap","options":{"x":1,"y":1,"element":"00000000-0000-02de-ffff-ffff00000035"}}]}[39m
[35m[UiAutomator2][39m calling get location: 00000000-0000-02de-ffff-ffff00000035
[35m[HTTP][39m [37m<-- POST /wd/hub/session/cf0e6027-25b2-4bfd-b087-8ae06b0e9c57/touch/perform [39m[32m200[39m [90m153 ms - 14[39m
[35m[HTTP][39m [90m[39m
[35m[HTTP][39m [37m-->[39m [37mGET[39m [37m/wd/hub/session/cf0e6027-25b2-4bfd-b087-8ae06b0e9c57/source[39m
[35m[HTTP][39m [90m{}[39m
[35m[W3C (cf0e6027)][39m Driver proxy active, passing request on via HTTP proxy
[35m[WD Proxy][39m Replacing sessionId 9e59ff78-9810-4ea8-806c-04fcd2f39038 with cf0e6027-25b2-4bfd-b087-8ae06b0e9c57
[35m[HTTP][39m [37m<-- GET /wd/hub/session/cf0e6027-25b2-4bfd-b087-8ae06b0e9c57/source [39m[32m200[39m [90m359 ms - 4665[39m
[35m[HTTP][39m [90m[39m
[35m[HTTP][39m [37m-->[39m [37mGET[39m [37m/wd/hub/session/cf0e6027-25b2-4bfd-b087-8ae06b0e9c57/screenshot[39m
[35m[HTTP][39m [90m{}[39m
[35m[HTTP][39m [37m<-- GET /wd/hub/session/cf0e6027-25b2-4bfd-b087-8ae06b0e9c57/screenshot [39m[32m200[39m [90m872 ms - 181314[39m
[35m[HTTP][39m [90m[39m
[35m[HTTP][39m [37m-->[39m [37mGET[39m [37m/wd/hub/session/cf0e6027-25b2-4bfd-b087-8ae06b0e9c57/context[39m
[35m[HTTP][39m [90m{}[39m
[35m[HTTP][39m [37m<-- GET /wd/hub/session/cf0e6027-25b2-4bfd-b087-8ae06b0e9c57/context [39m[32m200[39m [90m2 ms - 22[39m
[35m[HTTP][39m [90m[39m
[35m[HTTP][39m [37m-->[39m [37mGET[39m [37m/wd/hub/session/cf0e6027-25b2-4bfd-b087-8ae06b0e9c57/contexts[39m
[35m[HTTP][39m [90m{}[39m
[35m[AndroidDriver][39m Skipping the webview 'WEBVIEW_5930' at '@webview_devtools_remote_5930' since it has reported having zero pages
[35m[HTTP][39m [37m<-- GET /wd/hub/session/cf0e6027-25b2-4bfd-b087-8ae06b0e9c57/contexts [39m[32m200[39m [90m463 ms - 24[39m
[35m[HTTP][39m [90m[39m
[35m[HTTP][39m [37m-->[39m [37mPOST[39m [37m/wd/hub/session/cf0e6027-25b2-4bfd-b087-8ae06b0e9c57/context[39m
[35m[HTTP][39m [90m{"name":"NATIVE_APP"}[39m
[35m[HTTP][39m [37m<-- POST /wd/hub/session/cf0e6027-25b2-4bfd-b087-8ae06b0e9c57/context [39m[32m200[39m [90m1 ms - 14[39m
[35m[HTTP][39m [90m[39m
[35m[HTTP][39m [37m-->[39m [37mPOST[39m [37m/wd/hub/session/cf0e6027-25b2-4bfd-b087-8ae06b0e9c57/touch/perform[39m
[35m[HTTP][39m [90m{"actions":[{"action":"press","options":{"x":300,"y":0}},{"action":"wait","options":{"ms":500}},{"action":"moveTo","options":{"x":0,"y":0}},{"action":"release","options":{}}]}[39m
[35m[HTTP][39m [37m<-- POST /wd/hub/session/cf0e6027-25b2-4bfd-b087-8ae06b0e9c57/touch/perform [39m[32m200[39m [90m1358 ms - 14[39m
[35m[HTTP][39m [90m[39m
[35m[HTTP][39m [37m-->[39m [37mPOST[39m [37m/wd/hub/session/cf0e6027-25b2-4bfd-b087-8ae06b0e9c57/context[39m
[35m[HTTP][39m [90m{"name":"NATIVE_APP"}[39m
[35m[HTTP][39m [37m<-- POST /wd/hub/session/cf0e6027-25b2-4bfd-b087-8ae06b0e9c57/context [39m[32m200[39m [90m1 ms - 14[39m
[35m[HTTP][39m [90m[39m
[35m[HTTP][39m [37m-->[39m [37mGET[39m [37m/wd/hub/session/cf0e6027-25b2-4bfd-b087-8ae06b0e9c57/source[39m
[35m[HTTP][39m [90m{}[39m
[35m[W3C (cf0e6027)][39m Driver proxy active, passing request on via HTTP proxy
[35m[WD Proxy][39m Replacing sessionId 9e59ff78-9810-4ea8-806c-04fcd2f39038 with cf0e6027-25b2-4bfd-b087-8ae06b0e9c57
[35m[HTTP][39m [37m<-- GET /wd/hub/session/cf0e6027-25b2-4bfd-b087-8ae06b0e9c57/source [39m[32m200[39m [90m138 ms - 21735[39m
[35m[HTTP][39m [90m[39m
[35m[HTTP][39m [37m-->[39m [37mGET[39m [37m/wd/hub/session/cf0e6027-25b2-4bfd-b087-8ae06b0e9c57/screenshot[39m
[35m[HTTP][39m [90m{}[39m
[35m[HTTP][39m [37m<-- GET /wd/hub/session/cf0e6027-25b2-4bfd-b087-8ae06b0e9c57/screenshot [39m[32m200[39m [90m1293 ms - 2103378[39m
[35m[HTTP][39m [90m[39m
[35m[HTTP][39m [37m-->[39m [37mDELETE[39m [37m/wd/hub/session/cf0e6027-25b2-4bfd-b087-8ae06b0e9c57[39m
[35m[HTTP][39m [90m{}[39m
[35m[Appium][39m Removing session cf0e6027-25b2-4bfd-b087-8ae06b0e9c57 from our master session list
[35m[HTTP][39m [37m<-- DELETE /wd/hub/session/cf0e6027-25b2-4bfd-b087-8ae06b0e9c57 [39m[32m200[39m [90m114 ms - 14[39m
[35m[HTTP][39m [90m[39m
